<?xml version="1.0" encoding="UTF-8"?>
<testsuite xmlns:xsi="http://www.w3.org/2001/XMLSchema-instance" xsi:noNamespaceSchemaLocation="https://maven.apache.org/surefire/maven-surefire-plugin/xsd/surefire-test-report.xsd" name="com.imooc.mall.MallApplicationTests" time="9.203" tests="1" errors="0" skipped="0" failures="0">
  <properties>
    <property name="sun.desktop" value="windows"/>
    <property name="awt.toolkit" value="sun.awt.windows.WToolkit"/>
    <property name="file.encoding.pkg" value="sun.io"/>
    <property name="java.specification.version" value="1.8"/>
    <property name="sun.cpu.isalist" value="amd64"/>
    <property name="sun.jnu.encoding" value="GBK"/>
    <property name="java.class.path" value="D:\Javaworkspace\带前端代码\imooc-mall\target\test-classes;D:\Javaworkspace\带前端代码\imooc-mall\target\classes;D:\maven-lib\org\springframework\boot\spring-boot-starter-web\2.2.1.RELEASE\spring-boot-starter-web-2.2.1.RELEASE.jar;D:\maven-lib\org\springframework\boot\spring-boot-starter\2.2.1.RELEASE\spring-boot-starter-2.2.1.RELEASE.jar;D:\maven-lib\org\springframework\boot\spring-boot\2.2.1.RELEASE\spring-boot-2.2.1.RELEASE.jar;D:\maven-lib\org\springframework\boot\spring-boot-autoconfigure\2.2.1.RELEASE\spring-boot-autoconfigure-2.2.1.RELEASE.jar;D:\maven-lib\jakarta\annotation\jakarta.annotation-api\1.3.5\jakarta.annotation-api-1.3.5.jar;D:\maven-lib\org\yaml\snakeyaml\1.25\snakeyaml-1.25.jar;D:\maven-lib\org\springframework\boot\spring-boot-starter-json\2.2.1.RELEASE\spring-boot-starter-json-2.2.1.RELEASE.jar;D:\maven-lib\com\fasterxml\jackson\core\jackson-databind\2.10.0\jackson-databind-2.10.0.jar;D:\maven-lib\com\fasterxml\jackson\core\jackson-core\2.10.0\jackson-core-2.10.0.jar;D:\maven-lib\com\fasterxml\jackson\datatype\jackson-datatype-jdk8\2.10.0\jackson-datatype-jdk8-2.10.0.jar;D:\maven-lib\com\fasterxml\jackson\datatype\jackson-datatype-jsr310\2.10.0\jackson-datatype-jsr310-2.10.0.jar;D:\maven-lib\com\fasterxml\jackson\module\jackson-module-parameter-names\2.10.0\jackson-module-parameter-names-2.10.0.jar;D:\maven-lib\org\springframework\boot\spring-boot-starter-tomcat\2.2.1.RELEASE\spring-boot-starter-tomcat-2.2.1.RELEASE.jar;D:\maven-lib\org\apache\tomcat\embed\tomcat-embed-core\9.0.27\tomcat-embed-core-9.0.27.jar;D:\maven-lib\org\apache\tomcat\embed\tomcat-embed-el\9.0.27\tomcat-embed-el-9.0.27.jar;D:\maven-lib\org\apache\tomcat\embed\tomcat-embed-websocket\9.0.27\tomcat-embed-websocket-9.0.27.jar;D:\maven-lib\org\springframework\boot\spring-boot-starter-validation\2.2.1.RELEASE\spring-boot-starter-validation-2.2.1.RELEASE.jar;D:\maven-lib\jakarta\validation\jakarta.validation-api\2.0.1\jakarta.validation-api-2.0.1.jar;D:\maven-lib\org\hibernate\validator\hibernate-validator\6.0.18.Final\hibernate-validator-6.0.18.Final.jar;D:\maven-lib\org\jboss\logging\jboss-logging\3.4.1.Final\jboss-logging-3.4.1.Final.jar;D:\maven-lib\org\springframework\spring-web\5.2.1.RELEASE\spring-web-5.2.1.RELEASE.jar;D:\maven-lib\org\springframework\spring-beans\5.2.1.RELEASE\spring-beans-5.2.1.RELEASE.jar;D:\maven-lib\org\springframework\spring-webmvc\5.2.1.RELEASE\spring-webmvc-5.2.1.RELEASE.jar;D:\maven-lib\org\springframework\spring-context\5.2.1.RELEASE\spring-context-5.2.1.RELEASE.jar;D:\maven-lib\org\springframework\spring-expression\5.2.1.RELEASE\spring-expression-5.2.1.RELEASE.jar;D:\maven-lib\org\springframework\boot\spring-boot-starter-test\2.2.1.RELEASE\spring-boot-starter-test-2.2.1.RELEASE.jar;D:\maven-lib\org\springframework\boot\spring-boot-test\2.2.1.RELEASE\spring-boot-test-2.2.1.RELEASE.jar;D:\maven-lib\org\springframework\boot\spring-boot-test-autoconfigure\2.2.1.RELEASE\spring-boot-test-autoconfigure-2.2.1.RELEASE.jar;D:\maven-lib\com\jayway\jsonpath\json-path\2.4.0\json-path-2.4.0.jar;D:\maven-lib\net\minidev\json-smart\2.3\json-smart-2.3.jar;D:\maven-lib\net\minidev\accessors-smart\1.2\accessors-smart-1.2.jar;D:\maven-lib\org\ow2\asm\asm\5.0.4\asm-5.0.4.jar;D:\maven-lib\jakarta\xml\bind\jakarta.xml.bind-api\2.3.2\jakarta.xml.bind-api-2.3.2.jar;D:\maven-lib\jakarta\activation\jakarta.activation-api\1.2.1\jakarta.activation-api-1.2.1.jar;D:\maven-lib\org\junit\jupiter\junit-jupiter\5.5.2\junit-jupiter-5.5.2.jar;D:\maven-lib\org\junit\jupiter\junit-jupiter-api\5.5.2\junit-jupiter-api-5.5.2.jar;D:\maven-lib\org\apiguardian\apiguardian-api\1.1.0\apiguardian-api-1.1.0.jar;D:\maven-lib\org\opentest4j\opentest4j\1.2.0\opentest4j-1.2.0.jar;D:\maven-lib\org\junit\platform\junit-platform-commons\1.5.2\junit-platform-commons-1.5.2.jar;D:\maven-lib\org\junit\jupiter\junit-jupiter-params\5.5.2\junit-jupiter-params-5.5.2.jar;D:\maven-lib\org\junit\jupiter\junit-jupiter-engine\5.5.2\junit-jupiter-engine-5.5.2.jar;D:\maven-lib\org\junit\platform\junit-platform-engine\1.5.2\junit-platform-engine-1.5.2.jar;D:\maven-lib\org\mockito\mockito-junit-jupiter\3.1.0\mockito-junit-jupiter-3.1.0.jar;D:\maven-lib\org\assertj\assertj-core\3.13.2\assertj-core-3.13.2.jar;D:\maven-lib\org\hamcrest\hamcrest\2.1\hamcrest-2.1.jar;D:\maven-lib\org\mockito\mockito-core\3.1.0\mockito-core-3.1.0.jar;D:\maven-lib\net\bytebuddy\byte-buddy\1.10.2\byte-buddy-1.10.2.jar;D:\maven-lib\net\bytebuddy\byte-buddy-agent\1.10.2\byte-buddy-agent-1.10.2.jar;D:\maven-lib\org\objenesis\objenesis\2.6\objenesis-2.6.jar;D:\maven-lib\org\skyscreamer\jsonassert\1.5.0\jsonassert-1.5.0.jar;D:\maven-lib\com\vaadin\external\google\android-json\0.0.20131108.vaadin1\android-json-0.0.20131108.vaadin1.jar;D:\maven-lib\org\springframework\spring-core\5.2.1.RELEASE\spring-core-5.2.1.RELEASE.jar;D:\maven-lib\org\springframework\spring-jcl\5.2.1.RELEASE\spring-jcl-5.2.1.RELEASE.jar;D:\maven-lib\org\springframework\spring-test\5.2.1.RELEASE\spring-test-5.2.1.RELEASE.jar;D:\maven-lib\org\xmlunit\xmlunit-core\2.6.3\xmlunit-core-2.6.3.jar;D:\maven-lib\org\mybatis\spring\boot\mybatis-spring-boot-starter\1.3.2\mybatis-spring-boot-starter-1.3.2.jar;D:\maven-lib\org\springframework\boot\spring-boot-starter-jdbc\2.2.1.RELEASE\spring-boot-starter-jdbc-2.2.1.RELEASE.jar;D:\maven-lib\com\zaxxer\HikariCP\3.4.1\HikariCP-3.4.1.jar;D:\maven-lib\org\springframework\spring-jdbc\5.2.1.RELEASE\spring-jdbc-5.2.1.RELEASE.jar;D:\maven-lib\org\mybatis\spring\boot\mybatis-spring-boot-autoconfigure\1.3.2\mybatis-spring-boot-autoconfigure-1.3.2.jar;D:\maven-lib\org\mybatis\mybatis\3.4.6\mybatis-3.4.6.jar;D:\maven-lib\org\mybatis\mybatis-spring\1.3.2\mybatis-spring-1.3.2.jar;D:\maven-lib\mysql\mysql-connector-java\8.0.18\mysql-connector-java-8.0.18.jar;D:\maven-lib\org\springframework\boot\spring-boot-starter-log4j2\2.2.1.RELEASE\spring-boot-starter-log4j2-2.2.1.RELEASE.jar;D:\maven-lib\org\apache\logging\log4j\log4j-slf4j-impl\2.12.1\log4j-slf4j-impl-2.12.1.jar;D:\maven-lib\org\apache\logging\log4j\log4j-api\2.12.1\log4j-api-2.12.1.jar;D:\maven-lib\org\apache\logging\log4j\log4j-core\2.12.1\log4j-core-2.12.1.jar;D:\maven-lib\org\apache\logging\log4j\log4j-jul\2.12.1\log4j-jul-2.12.1.jar;D:\maven-lib\org\slf4j\jul-to-slf4j\1.7.29\jul-to-slf4j-1.7.29.jar;D:\maven-lib\org\springframework\boot\spring-boot-starter-aop\2.2.1.RELEASE\spring-boot-starter-aop-2.2.1.RELEASE.jar;D:\maven-lib\org\springframework\spring-aop\5.2.1.RELEASE\spring-aop-5.2.1.RELEASE.jar;D:\maven-lib\org\aspectj\aspectjweaver\1.9.4\aspectjweaver-1.9.4.jar;D:\maven-lib\io\springfox\springfox-swagger2\2.9.2\springfox-swagger2-2.9.2.jar;D:\maven-lib\io\swagger\swagger-annotations\1.5.20\swagger-annotations-1.5.20.jar;D:\maven-lib\io\swagger\swagger-models\1.5.20\swagger-models-1.5.20.jar;D:\maven-lib\com\fasterxml\jackson\core\jackson-annotations\2.10.0\jackson-annotations-2.10.0.jar;D:\maven-lib\io\springfox\springfox-spi\2.9.2\springfox-spi-2.9.2.jar;D:\maven-lib\io\springfox\springfox-core\2.9.2\springfox-core-2.9.2.jar;D:\maven-lib\io\springfox\springfox-schema\2.9.2\springfox-schema-2.9.2.jar;D:\maven-lib\io\springfox\springfox-swagger-common\2.9.2\springfox-swagger-common-2.9.2.jar;D:\maven-lib\io\springfox\springfox-spring-web\2.9.2\springfox-spring-web-2.9.2.jar;D:\maven-lib\com\google\guava\guava\20.0\guava-20.0.jar;D:\maven-lib\com\fasterxml\classmate\1.5.1\classmate-1.5.1.jar;D:\maven-lib\org\slf4j\slf4j-api\1.7.29\slf4j-api-1.7.29.jar;D:\maven-lib\org\springframework\plugin\spring-plugin-core\1.2.0.RELEASE\spring-plugin-core-1.2.0.RELEASE.jar;D:\maven-lib\org\springframework\plugin\spring-plugin-metadata\1.2.0.RELEASE\spring-plugin-metadata-1.2.0.RELEASE.jar;D:\maven-lib\org\mapstruct\mapstruct\1.2.0.Final\mapstruct-1.2.0.Final.jar;D:\maven-lib\io\springfox\springfox-swagger-ui\2.9.2\springfox-swagger-ui-2.9.2.jar;D:\maven-lib\com\github\pagehelper\pagehelper-spring-boot-starter\1.2.13\pagehelper-spring-boot-starter-1.2.13.jar;D:\maven-lib\com\github\pagehelper\pagehelper-spring-boot-autoconfigure\1.2.13\pagehelper-spring-boot-autoconfigure-1.2.13.jar;D:\maven-lib\com\github\pagehelper\pagehelper\5.1.11\pagehelper-5.1.11.jar;D:\maven-lib\com\github\jsqlparser\jsqlparser\2.0\jsqlparser-2.0.jar;D:\maven-lib\org\springframework\boot\spring-boot-starter-data-redis\2.2.1.RELEASE\spring-boot-starter-data-redis-2.2.1.RELEASE.jar;D:\maven-lib\org\springframework\data\spring-data-redis\2.2.1.RELEASE\spring-data-redis-2.2.1.RELEASE.jar;D:\maven-lib\org\springframework\data\spring-data-keyvalue\2.2.1.RELEASE\spring-data-keyvalue-2.2.1.RELEASE.jar;D:\maven-lib\org\springframework\data\spring-data-commons\2.2.1.RELEASE\spring-data-commons-2.2.1.RELEASE.jar;D:\maven-lib\org\springframework\spring-tx\5.2.1.RELEASE\spring-tx-5.2.1.RELEASE.jar;D:\maven-lib\org\springframework\spring-oxm\5.2.1.RELEASE\spring-oxm-5.2.1.RELEASE.jar;D:\maven-lib\io\lettuce\lettuce-core\5.2.1.RELEASE\lettuce-core-5.2.1.RELEASE.jar;D:\maven-lib\io\netty\netty-common\4.1.43.Final\netty-common-4.1.43.Final.jar;D:\maven-lib\io\netty\netty-handler\4.1.43.Final\netty-handler-4.1.43.Final.jar;D:\maven-lib\io\netty\netty-buffer\4.1.43.Final\netty-buffer-4.1.43.Final.jar;D:\maven-lib\io\netty\netty-codec\4.1.43.Final\netty-codec-4.1.43.Final.jar;D:\maven-lib\io\netty\netty-transport\4.1.43.Final\netty-transport-4.1.43.Final.jar;D:\maven-lib\io\netty\netty-resolver\4.1.43.Final\netty-resolver-4.1.43.Final.jar;D:\maven-lib\io\projectreactor\reactor-core\3.3.0.RELEASE\reactor-core-3.3.0.RELEASE.jar;D:\maven-lib\org\reactivestreams\reactive-streams\1.0.3\reactive-streams-1.0.3.jar;D:\maven-lib\org\springframework\boot\spring-boot-starter-cache\2.2.1.RELEASE\spring-boot-starter-cache-2.2.1.RELEASE.jar;D:\maven-lib\org\springframework\spring-context-support\5.2.1.RELEASE\spring-context-support-5.2.1.RELEASE.jar;D:\maven-lib\com\google\zxing\javase\3.3.0\javase-3.3.0.jar;D:\maven-lib\com\google\zxing\core\3.3.0\core-3.3.0.jar;D:\maven-lib\com\beust\jcommander\1.48\jcommander-1.48.jar;D:\maven-lib\com\github\jai-imageio\jai-imageio-core\1.3.1\jai-imageio-core-1.3.1.jar;D:\Javaworkspace\带前端代码\imooc-mall\src\main\resources\lib\anti-piracy.jar;"/>
    <property name="java.vm.vendor" value="Oracle Corporation"/>
    <property name="sun.arch.data.model" value="64"/>
    <property name="user.variant" value=""/>
    <property name="java.vendor.url" value="http://java.oracle.com/"/>
    <property name="user.timezone" value="Asia/Shanghai"/>
    <property name="java.vm.specification.version" value="1.8"/>
    <property name="os.name" value="Windows 10"/>
    <property name="user.country" value="CN"/>
    <property name="sun.java.launcher" value="SUN_STANDARD"/>
    <property name="sun.boot.library.path" value="D:\JAVA\jdk1.8.0_162\jre\bin"/>
    <property name="sun.java.command" value="C:\Users\xz123\AppData\Local\Temp\surefire6616821340721910979\surefirebooter6389092863559479967.jar C:\Users\xz123\AppData\Local\Temp\surefire6616821340721910979 2023-05-14T17-18-34_935-jvmRun1 surefire43208854150788487tmp surefire_06966916361902237339tmp"/>
    <property name="surefire.test.class.path" value="D:\Javaworkspace\带前端代码\imooc-mall\target\test-classes;D:\Javaworkspace\带前端代码\imooc-mall\target\classes;D:\maven-lib\org\springframework\boot\spring-boot-starter-web\2.2.1.RELEASE\spring-boot-starter-web-2.2.1.RELEASE.jar;D:\maven-lib\org\springframework\boot\spring-boot-starter\2.2.1.RELEASE\spring-boot-starter-2.2.1.RELEASE.jar;D:\maven-lib\org\springframework\boot\spring-boot\2.2.1.RELEASE\spring-boot-2.2.1.RELEASE.jar;D:\maven-lib\org\springframework\boot\spring-boot-autoconfigure\2.2.1.RELEASE\spring-boot-autoconfigure-2.2.1.RELEASE.jar;D:\maven-lib\jakarta\annotation\jakarta.annotation-api\1.3.5\jakarta.annotation-api-1.3.5.jar;D:\maven-lib\org\yaml\snakeyaml\1.25\snakeyaml-1.25.jar;D:\maven-lib\org\springframework\boot\spring-boot-starter-json\2.2.1.RELEASE\spring-boot-starter-json-2.2.1.RELEASE.jar;D:\maven-lib\com\fasterxml\jackson\core\jackson-databind\2.10.0\jackson-databind-2.10.0.jar;D:\maven-lib\com\fasterxml\jackson\core\jackson-core\2.10.0\jackson-core-2.10.0.jar;D:\maven-lib\com\fasterxml\jackson\datatype\jackson-datatype-jdk8\2.10.0\jackson-datatype-jdk8-2.10.0.jar;D:\maven-lib\com\fasterxml\jackson\datatype\jackson-datatype-jsr310\2.10.0\jackson-datatype-jsr310-2.10.0.jar;D:\maven-lib\com\fasterxml\jackson\module\jackson-module-parameter-names\2.10.0\jackson-module-parameter-names-2.10.0.jar;D:\maven-lib\org\springframework\boot\spring-boot-starter-tomcat\2.2.1.RELEASE\spring-boot-starter-tomcat-2.2.1.RELEASE.jar;D:\maven-lib\org\apache\tomcat\embed\tomcat-embed-core\9.0.27\tomcat-embed-core-9.0.27.jar;D:\maven-lib\org\apache\tomcat\embed\tomcat-embed-el\9.0.27\tomcat-embed-el-9.0.27.jar;D:\maven-lib\org\apache\tomcat\embed\tomcat-embed-websocket\9.0.27\tomcat-embed-websocket-9.0.27.jar;D:\maven-lib\org\springframework\boot\spring-boot-starter-validation\2.2.1.RELEASE\spring-boot-starter-validation-2.2.1.RELEASE.jar;D:\maven-lib\jakarta\validation\jakarta.validation-api\2.0.1\jakarta.validation-api-2.0.1.jar;D:\maven-lib\org\hibernate\validator\hibernate-validator\6.0.18.Final\hibernate-validator-6.0.18.Final.jar;D:\maven-lib\org\jboss\logging\jboss-logging\3.4.1.Final\jboss-logging-3.4.1.Final.jar;D:\maven-lib\org\springframework\spring-web\5.2.1.RELEASE\spring-web-5.2.1.RELEASE.jar;D:\maven-lib\org\springframework\spring-beans\5.2.1.RELEASE\spring-beans-5.2.1.RELEASE.jar;D:\maven-lib\org\springframework\spring-webmvc\5.2.1.RELEASE\spring-webmvc-5.2.1.RELEASE.jar;D:\maven-lib\org\springframework\spring-context\5.2.1.RELEASE\spring-context-5.2.1.RELEASE.jar;D:\maven-lib\org\springframework\spring-expression\5.2.1.RELEASE\spring-expression-5.2.1.RELEASE.jar;D:\maven-lib\org\springframework\boot\spring-boot-starter-test\2.2.1.RELEASE\spring-boot-starter-test-2.2.1.RELEASE.jar;D:\maven-lib\org\springframework\boot\spring-boot-test\2.2.1.RELEASE\spring-boot-test-2.2.1.RELEASE.jar;D:\maven-lib\org\springframework\boot\spring-boot-test-autoconfigure\2.2.1.RELEASE\spring-boot-test-autoconfigure-2.2.1.RELEASE.jar;D:\maven-lib\com\jayway\jsonpath\json-path\2.4.0\json-path-2.4.0.jar;D:\maven-lib\net\minidev\json-smart\2.3\json-smart-2.3.jar;D:\maven-lib\net\minidev\accessors-smart\1.2\accessors-smart-1.2.jar;D:\maven-lib\org\ow2\asm\asm\5.0.4\asm-5.0.4.jar;D:\maven-lib\jakarta\xml\bind\jakarta.xml.bind-api\2.3.2\jakarta.xml.bind-api-2.3.2.jar;D:\maven-lib\jakarta\activation\jakarta.activation-api\1.2.1\jakarta.activation-api-1.2.1.jar;D:\maven-lib\org\junit\jupiter\junit-jupiter\5.5.2\junit-jupiter-5.5.2.jar;D:\maven-lib\org\junit\jupiter\junit-jupiter-api\5.5.2\junit-jupiter-api-5.5.2.jar;D:\maven-lib\org\apiguardian\apiguardian-api\1.1.0\apiguardian-api-1.1.0.jar;D:\maven-lib\org\opentest4j\opentest4j\1.2.0\opentest4j-1.2.0.jar;D:\maven-lib\org\junit\platform\junit-platform-commons\1.5.2\junit-platform-commons-1.5.2.jar;D:\maven-lib\org\junit\jupiter\junit-jupiter-params\5.5.2\junit-jupiter-params-5.5.2.jar;D:\maven-lib\org\junit\jupiter\junit-jupiter-engine\5.5.2\junit-jupiter-engine-5.5.2.jar;D:\maven-lib\org\junit\platform\junit-platform-engine\1.5.2\junit-platform-engine-1.5.2.jar;D:\maven-lib\org\mockito\mockito-junit-jupiter\3.1.0\mockito-junit-jupiter-3.1.0.jar;D:\maven-lib\org\assertj\assertj-core\3.13.2\assertj-core-3.13.2.jar;D:\maven-lib\org\hamcrest\hamcrest\2.1\hamcrest-2.1.jar;D:\maven-lib\org\mockito\mockito-core\3.1.0\mockito-core-3.1.0.jar;D:\maven-lib\net\bytebuddy\byte-buddy\1.10.2\byte-buddy-1.10.2.jar;D:\maven-lib\net\bytebuddy\byte-buddy-agent\1.10.2\byte-buddy-agent-1.10.2.jar;D:\maven-lib\org\objenesis\objenesis\2.6\objenesis-2.6.jar;D:\maven-lib\org\skyscreamer\jsonassert\1.5.0\jsonassert-1.5.0.jar;D:\maven-lib\com\vaadin\external\google\android-json\0.0.20131108.vaadin1\android-json-0.0.20131108.vaadin1.jar;D:\maven-lib\org\springframework\spring-core\5.2.1.RELEASE\spring-core-5.2.1.RELEASE.jar;D:\maven-lib\org\springframework\spring-jcl\5.2.1.RELEASE\spring-jcl-5.2.1.RELEASE.jar;D:\maven-lib\org\springframework\spring-test\5.2.1.RELEASE\spring-test-5.2.1.RELEASE.jar;D:\maven-lib\org\xmlunit\xmlunit-core\2.6.3\xmlunit-core-2.6.3.jar;D:\maven-lib\org\mybatis\spring\boot\mybatis-spring-boot-starter\1.3.2\mybatis-spring-boot-starter-1.3.2.jar;D:\maven-lib\org\springframework\boot\spring-boot-starter-jdbc\2.2.1.RELEASE\spring-boot-starter-jdbc-2.2.1.RELEASE.jar;D:\maven-lib\com\zaxxer\HikariCP\3.4.1\HikariCP-3.4.1.jar;D:\maven-lib\org\springframework\spring-jdbc\5.2.1.RELEASE\spring-jdbc-5.2.1.RELEASE.jar;D:\maven-lib\org\mybatis\spring\boot\mybatis-spring-boot-autoconfigure\1.3.2\mybatis-spring-boot-autoconfigure-1.3.2.jar;D:\maven-lib\org\mybatis\mybatis\3.4.6\mybatis-3.4.6.jar;D:\maven-lib\org\mybatis\mybatis-spring\1.3.2\mybatis-spring-1.3.2.jar;D:\maven-lib\mysql\mysql-connector-java\8.0.18\mysql-connector-java-8.0.18.jar;D:\maven-lib\org\springframework\boot\spring-boot-starter-log4j2\2.2.1.RELEASE\spring-boot-starter-log4j2-2.2.1.RELEASE.jar;D:\maven-lib\org\apache\logging\log4j\log4j-slf4j-impl\2.12.1\log4j-slf4j-impl-2.12.1.jar;D:\maven-lib\org\apache\logging\log4j\log4j-api\2.12.1\log4j-api-2.12.1.jar;D:\maven-lib\org\apache\logging\log4j\log4j-core\2.12.1\log4j-core-2.12.1.jar;D:\maven-lib\org\apache\logging\log4j\log4j-jul\2.12.1\log4j-jul-2.12.1.jar;D:\maven-lib\org\slf4j\jul-to-slf4j\1.7.29\jul-to-slf4j-1.7.29.jar;D:\maven-lib\org\springframework\boot\spring-boot-starter-aop\2.2.1.RELEASE\spring-boot-starter-aop-2.2.1.RELEASE.jar;D:\maven-lib\org\springframework\spring-aop\5.2.1.RELEASE\spring-aop-5.2.1.RELEASE.jar;D:\maven-lib\org\aspectj\aspectjweaver\1.9.4\aspectjweaver-1.9.4.jar;D:\maven-lib\io\springfox\springfox-swagger2\2.9.2\springfox-swagger2-2.9.2.jar;D:\maven-lib\io\swagger\swagger-annotations\1.5.20\swagger-annotations-1.5.20.jar;D:\maven-lib\io\swagger\swagger-models\1.5.20\swagger-models-1.5.20.jar;D:\maven-lib\com\fasterxml\jackson\core\jackson-annotations\2.10.0\jackson-annotations-2.10.0.jar;D:\maven-lib\io\springfox\springfox-spi\2.9.2\springfox-spi-2.9.2.jar;D:\maven-lib\io\springfox\springfox-core\2.9.2\springfox-core-2.9.2.jar;D:\maven-lib\io\springfox\springfox-schema\2.9.2\springfox-schema-2.9.2.jar;D:\maven-lib\io\springfox\springfox-swagger-common\2.9.2\springfox-swagger-common-2.9.2.jar;D:\maven-lib\io\springfox\springfox-spring-web\2.9.2\springfox-spring-web-2.9.2.jar;D:\maven-lib\com\google\guava\guava\20.0\guava-20.0.jar;D:\maven-lib\com\fasterxml\classmate\1.5.1\classmate-1.5.1.jar;D:\maven-lib\org\slf4j\slf4j-api\1.7.29\slf4j-api-1.7.29.jar;D:\maven-lib\org\springframework\plugin\spring-plugin-core\1.2.0.RELEASE\spring-plugin-core-1.2.0.RELEASE.jar;D:\maven-lib\org\springframework\plugin\spring-plugin-metadata\1.2.0.RELEASE\spring-plugin-metadata-1.2.0.RELEASE.jar;D:\maven-lib\org\mapstruct\mapstruct\1.2.0.Final\mapstruct-1.2.0.Final.jar;D:\maven-lib\io\springfox\springfox-swagger-ui\2.9.2\springfox-swagger-ui-2.9.2.jar;D:\maven-lib\com\github\pagehelper\pagehelper-spring-boot-starter\1.2.13\pagehelper-spring-boot-starter-1.2.13.jar;D:\maven-lib\com\github\pagehelper\pagehelper-spring-boot-autoconfigure\1.2.13\pagehelper-spring-boot-autoconfigure-1.2.13.jar;D:\maven-lib\com\github\pagehelper\pagehelper\5.1.11\pagehelper-5.1.11.jar;D:\maven-lib\com\github\jsqlparser\jsqlparser\2.0\jsqlparser-2.0.jar;D:\maven-lib\org\springframework\boot\spring-boot-starter-data-redis\2.2.1.RELEASE\spring-boot-starter-data-redis-2.2.1.RELEASE.jar;D:\maven-lib\org\springframework\data\spring-data-redis\2.2.1.RELEASE\spring-data-redis-2.2.1.RELEASE.jar;D:\maven-lib\org\springframework\data\spring-data-keyvalue\2.2.1.RELEASE\spring-data-keyvalue-2.2.1.RELEASE.jar;D:\maven-lib\org\springframework\data\spring-data-commons\2.2.1.RELEASE\spring-data-commons-2.2.1.RELEASE.jar;D:\maven-lib\org\springframework\spring-tx\5.2.1.RELEASE\spring-tx-5.2.1.RELEASE.jar;D:\maven-lib\org\springframework\spring-oxm\5.2.1.RELEASE\spring-oxm-5.2.1.RELEASE.jar;D:\maven-lib\io\lettuce\lettuce-core\5.2.1.RELEASE\lettuce-core-5.2.1.RELEASE.jar;D:\maven-lib\io\netty\netty-common\4.1.43.Final\netty-common-4.1.43.Final.jar;D:\maven-lib\io\netty\netty-handler\4.1.43.Final\netty-handler-4.1.43.Final.jar;D:\maven-lib\io\netty\netty-buffer\4.1.43.Final\netty-buffer-4.1.43.Final.jar;D:\maven-lib\io\netty\netty-codec\4.1.43.Final\netty-codec-4.1.43.Final.jar;D:\maven-lib\io\netty\netty-transport\4.1.43.Final\netty-transport-4.1.43.Final.jar;D:\maven-lib\io\netty\netty-resolver\4.1.43.Final\netty-resolver-4.1.43.Final.jar;D:\maven-lib\io\projectreactor\reactor-core\3.3.0.RELEASE\reactor-core-3.3.0.RELEASE.jar;D:\maven-lib\org\reactivestreams\reactive-streams\1.0.3\reactive-streams-1.0.3.jar;D:\maven-lib\org\springframework\boot\spring-boot-starter-cache\2.2.1.RELEASE\spring-boot-starter-cache-2.2.1.RELEASE.jar;D:\maven-lib\org\springframework\spring-context-support\5.2.1.RELEASE\spring-context-support-5.2.1.RELEASE.jar;D:\maven-lib\com\google\zxing\javase\3.3.0\javase-3.3.0.jar;D:\maven-lib\com\google\zxing\core\3.3.0\core-3.3.0.jar;D:\maven-lib\com\beust\jcommander\1.48\jcommander-1.48.jar;D:\maven-lib\com\github\jai-imageio\jai-imageio-core\1.3.1\jai-imageio-core-1.3.1.jar;D:\Javaworkspace\带前端代码\imooc-mall\src\main\resources\lib\anti-piracy.jar;"/>
    <property name="sun.cpu.endian" value="little"/>
    <property name="user.home" value="C:\Users\xz123"/>
    <property name="user.language" value="zh"/>
    <property name="java.specification.vendor" value="Oracle Corporation"/>
    <property name="java.home" value="D:\JAVA\jdk1.8.0_162\jre"/>
    <property name="basedir" value="D:\Javaworkspace\带前端代码\imooc-mall"/>
    <property name="file.separator" value="\"/>
    <property name="line.separator" value="&#10;"/>
    <property name="java.vm.specification.vendor" value="Oracle Corporation"/>
    <property name="java.specification.name" value="Java Platform API Specification"/>
    <property name="java.awt.graphicsenv" value="sun.awt.Win32GraphicsEnvironment"/>
    <property name="surefire.real.class.path" value="C:\Users\xz123\AppData\Local\Temp\surefire6616821340721910979\surefirebooter6389092863559479967.jar"/>
    <property name="sun.boot.class.path" value="D:\JAVA\jdk1.8.0_162\jre\lib\resources.jar;D:\JAVA\jdk1.8.0_162\jre\lib\rt.jar;D:\JAVA\jdk1.8.0_162\jre\lib\sunrsasign.jar;D:\JAVA\jdk1.8.0_162\jre\lib\jsse.jar;D:\JAVA\jdk1.8.0_162\jre\lib\jce.jar;D:\JAVA\jdk1.8.0_162\jre\lib\charsets.jar;D:\JAVA\jdk1.8.0_162\jre\lib\jfr.jar;D:\JAVA\jdk1.8.0_162\jre\classes"/>
    <property name="user.script" value=""/>
    <property name="sun.management.compiler" value="HotSpot 64-Bit Tiered Compilers"/>
    <property name="java.runtime.version" value="1.8.0_162-b12"/>
    <property name="user.name" value="xz123"/>
    <property name="path.separator" value=";"/>
    <property name="os.version" value="10.0"/>
    <property name="java.endorsed.dirs" value="D:\JAVA\jdk1.8.0_162\jre\lib\endorsed"/>
    <property name="java.runtime.name" value="Java(TM) SE Runtime Environment"/>
    <property name="file.encoding" value="GBK"/>
    <property name="java.vm.name" value="Java HotSpot(TM) 64-Bit Server VM"/>
    <property name="localRepository" value="D:\maven-lib"/>
    <property name="java.vendor.url.bug" value="http://bugreport.sun.com/bugreport/"/>
    <property name="java.io.tmpdir" value="C:\Users\xz123\AppData\Local\Temp\"/>
    <property name="idea.version" value="2022.2.3"/>
    <property name="java.version" value="1.8.0_162"/>
    <property name="user.dir" value="D:\Javaworkspace\带前端代码\imooc-mall"/>
    <property name="os.arch" value="amd64"/>
    <property name="java.vm.specification.name" value="Java Virtual Machine Specification"/>
    <property name="java.awt.printerjob" value="sun.awt.windows.WPrinterJob"/>
    <property name="sun.os.patch.level" value=""/>
    <property name="java.library.path" value="D:\JAVA\jdk1.8.0_162\jre\bin;C:\WINDOWS\Sun\Java\bin;C:\WINDOWS\system32;C:\WINDOWS;D:\VMware\bin\;C:\Program Files (x86)\Common Files\Oracle\Java\javapath;C:\ProgramData\Oracle\Java\javapath;C:\Windows\system32;C:\Windows;C:\Windows\System32\Wbem;C:\Windows\System32\WindowsPowerShell\v1.0\;C:\Windows\System32\OpenSSH\;C:\Program Files\Intel\WiFi\bin\;C:\Program Files\Common Files\Intel\WirelessCommon\;C:\Program Files (x86)\NVIDIA Corporation\PhysX\Common;C:\Program Files\NVIDIA Corporation\NVIDIA NvDLISR;C:\WINDOWS\system32;C:\WINDOWS;C:\WINDOWS\System32\Wbem;C:\WINDOWS\System32\WindowsPowerShell\v1.0\;C:\WINDOWS\System32\OpenSSH\;D:\GCC\mingw64\bin;D:\Anaconda;D:\Anaconda\Scripts;C:\Program Files\MySQL\MySQL Server 8.0\bin;D:\JAVA\apache-maven-3.8.7\bin;D:\virtual machine\;D:\cmake\bin;D:\GCC\mingw64\bin;D:\软件\Microsoft VS Code\bin;C:\Users\xz123\AppData\Local\Microsoft\WindowsApps;D:\JAVA\jdk1.8.0_162\bin;;."/>
    <property name="java.vm.info" value="mixed mode"/>
    <property name="java.vendor" value="Oracle Corporation"/>
    <property name="java.vm.version" value="25.162-b12"/>
    <property name="java.ext.dirs" value="D:\JAVA\jdk1.8.0_162\jre\lib\ext;C:\WINDOWS\Sun\Java\lib\ext"/>
    <property name="sun.io.unicode.encoding" value="UnicodeLittle"/>
    <property name="maven.repo.local" value="D:\maven-lib"/>
    <property name="java.class.version" value="52.0"/>
  </properties>
  <testcase name="contextLoads" classname="com.imooc.mall.MallApplicationTests" time="0.38"/>
</testsuite>